<?xml version="1.0" encoding="UTF-8"?>
<!-- Generated by org.testng.reporters.JUnitReportReporter -->
<testsuite hostname="DESKTOP-291TQQE" name="Duplicate.CreateModule" tests="1" failures="0" timestamp="26 Feb 2020 07:14:35 GMT" time="20.844" errors="0">
  <testcase name="data" time="20.844" classname="Duplicate.CreateModule"/>
</testsuite> <!-- Duplicate.CreateModule -->
