<?xml version="1.0" encoding="UTF-8"?>
<!-- Generated by org.testng.reporters.JUnitReportReporter -->
<testsuite hostname="DESKTOP-291TQQE" name="TestNGExcutecountinue.VendorModule" tests="1" failures="0" timestamp="26 Feb 2020 05:32:51 GMT" time="26.121" errors="0">
  <testcase name="test" time="26.121" classname="TestNGExcutecountinue.VendorModule"/>
</testsuite> <!-- TestNGExcutecountinue.VendorModule -->
