<?xml version="1.0" encoding="UTF-8"?>
<!-- Generated by org.testng.reporters.JUnitReportReporter -->
<testsuite hostname="DESKTOP-291TQQE" name="com.invoice_module.Invoice_module" tests="1" failures="0" timestamp="24 Feb 2020 17:32:52 GMT" time="24.908" errors="0">
  <testcase name="test" time="24.908" classname="com.invoice_module.Invoice_module"/>
</testsuite> <!-- com.invoice_module.Invoice_module -->
