<?xml version="1.0" encoding="UTF-8"?>
<!-- Generated by org.testng.reporters.JUnitReportReporter -->
<testsuite hostname="DESKTOP-291TQQE" name="Duplicate.Invoice2way" tests="1" failures="0" timestamp="26 Feb 2020 06:37:53 GMT" time="35.152" errors="0">
  <testcase name="test" time="35.152" classname="Duplicate.Invoice2way"/>
</testsuite> <!-- Duplicate.Invoice2way -->
