<?xml version="1.0" encoding="UTF-8"?>
<!-- Generated by org.testng.reporters.JUnitReportReporter -->
<testsuite hostname="DESKTOP-291TQQE" name="com.pom.CreateLead" tests="1" failures="0" timestamp="21 Feb 2020 12:09:05 GMT" time="65.000" errors="0">
  <testcase name="data" time="65.000" classname="com.pom.CreateLead"/>
</testsuite> <!-- com.pom.CreateLead -->
