<?xml version="1.0" encoding="UTF-8"?>
<!-- Generated by org.testng.reporters.JUnitReportReporter -->
<testsuite hostname="DESKTOP-291TQQE" name="Duplicate.InvoiceMoudle" tests="1" failures="0" timestamp="26 Feb 2020 06:46:02 GMT" time="33.689" errors="0">
  <testcase name="test" time="33.689" classname="Duplicate.InvoiceMoudle"/>
</testsuite> <!-- Duplicate.InvoiceMoudle -->
