<?xml version="1.0" encoding="UTF-8"?>
<!-- Generated by org.testng.reporters.JUnitReportReporter -->
<testsuite hostname="DESKTOP-291TQQE" name="Duplicate.CreateLead" tests="1" failures="0" timestamp="26 Feb 2020 06:26:39 GMT" time="33.499" errors="0">
  <testcase name="data" time="33.499" classname="Duplicate.CreateLead"/>
</testsuite> <!-- Duplicate.CreateLead -->
