<?xml version="1.0" encoding="UTF-8"?>
<!-- Generated by org.testng.reporters.JUnitReportReporter -->
<testsuite hostname="DESKTOP-291TQQE" name="com.pom.VendorModule" tests="1" failures="0" timestamp="21 Feb 2020 13:20:07 GMT" time="58.780" errors="0">
  <testcase name="data" time="58.780" classname="com.pom.VendorModule"/>
</testsuite> <!-- com.pom.VendorModule -->
