<?xml version="1.0" encoding="UTF-8"?>
<!-- Generated by org.testng.reporters.JUnitReportReporter -->
<testsuite hostname="DESKTOP-291TQQE" name="TestNGExcutecountinue.Invoice2way" tests="1" failures="0" timestamp="26 Feb 2020 05:25:17 GMT" time="63.523" errors="0">
  <testcase name="test" time="63.523" classname="TestNGExcutecountinue.Invoice2way"/>
</testsuite> <!-- TestNGExcutecountinue.Invoice2way -->
