<?xml version="1.0" encoding="UTF-8"?>
<!-- Generated by org.testng.reporters.JUnitReportReporter -->
<testsuite hostname="DESKTOP-291TQQE" name="practice.VendorModule" tests="1" failures="0" timestamp="24 Feb 2020 10:04:02 GMT" time="21.260" errors="0">
  <testcase name="test" time="21.260" classname="practice.VendorModule"/>
</testsuite> <!-- practice.VendorModule -->
