<?xml version="1.0" encoding="UTF-8"?>
<!-- Generated by org.testng.reporters.JUnitReportReporter -->
<testsuite hostname="DESKTOP-291TQQE" name="com.invoice_module.Invoice2way" tests="1" failures="0" timestamp="25 Feb 2020 17:41:19 GMT" time="95.015" errors="0">
  <testcase name="test" time="95.015" classname="com.invoice_module.Invoice2way"/>
</testsuite> <!-- com.invoice_module.Invoice2way -->
