<?xml version="1.0" encoding="UTF-8"?>
<!-- Generated by org.testng.reporters.JUnitReportReporter -->
<testsuite hostname="DESKTOP-291TQQE" name="groupForMethod.CompatibilityTest" tests="2" failures="0" timestamp="25 Feb 2020 06:30:43 GMT" time="44.538" errors="0">
  <testcase name="test" time="29.466" classname="groupForMethod.CompatibilityTest"/>
  <testcase name="test" time="15.072" classname="groupForMethod.CompatibilityTest"/>
</testsuite> <!-- groupForMethod.CompatibilityTest -->
