<?xml version="1.0" encoding="UTF-8"?>
<!-- Generated by org.testng.reporters.JUnitReportReporter -->
<testsuite hostname="DESKTOP-291TQQE" name="TestNGExcutecountinue.ContactModule" tests="1" failures="0" timestamp="24 Feb 2020 06:13:43 GMT" time="29.281" errors="0">
  <testcase name="data" time="29.281" classname="TestNGExcutecountinue.ContactModule"/>
</testsuite> <!-- TestNGExcutecountinue.ContactModule -->
