<?xml version="1.0" encoding="UTF-8"?>
<!-- Generated by org.testng.reporters.JUnitReportReporter -->
<testsuite hostname="DESKTOP-291TQQE" name="TestNGExcutecountinue.CreateLead" tests="1" failures="0" timestamp="26 Feb 2020 06:19:55 GMT" time="44.092" errors="0">
  <testcase name="data" time="44.092" classname="TestNGExcutecountinue.CreateLead"/>
</testsuite> <!-- TestNGExcutecountinue.CreateLead -->
