<?xml version="1.0" encoding="UTF-8"?>
<!-- Generated by org.testng.reporters.JUnitReportReporter -->
<testsuite hostname="DESKTOP-291TQQE" name="com.vendor_module.VendorModule" tests="1" failures="0" timestamp="24 Feb 2020 10:15:15 GMT" time="23.997" errors="0">
  <testcase name="test" time="23.997" classname="com.vendor_module.VendorModule"/>
</testsuite> <!-- com.vendor_module.VendorModule -->
